Arguments: 
  D:\Program Files\nodejs\node.exe C:\Users\Administrator\AppData\Roaming\npm\node_modules\yarn\bin\yarn.js add @nomiclabs/hardhat-ethers hardhat-deploy-ethers ethers

PATH: 
  D:\code\github\hardhat-learn\node_modules\.bin;D:\code\github\hardhat-learn\node_modules\.bin;D:\code\github\node_modules\.bin;D:\code\node_modules\.bin;D:\node_modules\.bin;D:\Program Files\nodejs\node_modules\npm\node_modules\@npmcli\run-script\lib\node-gyp-bin;D:\Program Files (x86)\VMware\VMware Workstation\bin\;C:\Program Files\Common Files\Oracle\Java\javapath;C:\Windows\system32;C:\Windows;C:\Windows\System32\Wbem;C:\Windows\System32\WindowsPowerShell\v1.0\;C:\Windows\System32\OpenSSH\;D:\Program Files\Java\jdk-17.0.5\bin;D:\Program Files\Git\cmd;C:\ProgramData\chocolatey\bin;D:\Program Files (x86)\NetSarang\Xshell 7\;D:\Program Files (x86)\Tencent\微信web开发者工具\dll;D:\Program Files (x86)\NetSarang\Xftp 7\;C:\Program Files\MySQL\MySQL Server 8.0\bin;C:\Program Files\dotnet\;D:\Program Files\Microsoft VS Code\bin;C:\TDengine;D:\Program Files\Go\bin;D:\Program Files\nodejs\;C:\Program Files\Pandoc\;C:\Users\Administrator\AppData\Local\Programs\Python\Python310\Scripts\;C:\Users\Administrator\AppData\Local\Programs\Python\Python310\;C:\Users\Administrator\AppData\Local\Microsoft\WindowsApps;D:\Program Files\JetBrains\IntelliJ IDEA 2021.3.2\bin;;D:\Programs\Microsoft VS Code\bin;C:\Users\Administrator\go\bin;C:\Users\Administrator\AppData\Roaming\npm

Yarn version: 
  1.22.19

Node version: 
  20.9.0

Platform: 
  win32 x64

Trace: 
  Error: certificate has expired
      at TLSSocket.onConnectSecure (node:_tls_wrap:1659:34)
      at TLSSocket.emit (node:events:514:28)
      at TLSSocket._finishInit (node:_tls_wrap:1070:8)
      at ssl.onhandshakedone (node:_tls_wrap:856:12)

npm manifest: 
  {
    "name": "test",
    "version": "1.0.0",
    "description": "",
    "main": "index.js",
    "scripts": {
      "test": "echo \"Error: no test specified\" && exit 1"
    },
    "author": "",
    "license": "ISC",
    "dependencies": {
      "@chainlink/contracts": "^1.3.0",
      "@chainlink/env-enc": "^1.0.5",
      "dotenv": "^16.4.5",
      "hardhat": "^2.22.15",
      "hardhat-deploy": "^0.14.0"
    },
    "devDependencies": {
      "@nomicfoundation/hardhat-toolbox": "^5.0.0"
    }
  }

yarn manifest: 
  No manifest

Lockfile: 
  No lockfile
